app/build/outputs/logs/manifest-merger-debug-report.txt
-- Merging decision tree log ---
manifest
ADDED from src/main/AndroidManifest.xml:2:1-43:12
	package
		ADDED from src/main/AndroidManifest.xml:3:5-37
		INJECTED from src/main/AndroidManifest.xml
		INJECTED from src/main/AndroidManifest.xml
	android:versionName
		ADDED from src/main/AndroidManifest.xml:5:5-32
		INJECTED from src/main/AndroidManifest.xml
		INJECTED from src/main/AndroidManifest.xml
	android:versionCode
		ADDED from src/main/AndroidManifest.xml:4:5-29
		INJECTED from src/main/AndroidManifest.xml
		INJECTED from src/main/AndroidManifest.xml
	xmlns:android
		ADDED from src/main/AndroidManifest.xml:2:11-69
supports-screens
ADDED from src/main/AndroidManifest.xml:8:5-13:39
	android:largeScreens
		ADDED from src/main/AndroidManifest.xml:10:9-36
	android:smallScreens
		ADDED from src/main/AndroidManifest.xml:13:9-36
	android:normalScreens
		ADDED from src/main/AndroidManifest.xml:11:9-37
	android:resizeable
		ADDED from src/main/AndroidManifest.xml:12:9-34
	android:anyDensity
		ADDED from src/main/AndroidManifest.xml:9:9-34
uses-sdk
ADDED from src/main/AndroidManifest.xml:15:5-17:41
MERGED from [cn.sharesdk:ShareSDK:3.1.3.1] AndroidManifest.xml:7:5-9:41
MERGED from [cn.sharesdk:OneKeyShare:3.1.3.1] AndroidManifest.xml:2:3-71
	android:targetSdkVersion
		ADDED from src/main/AndroidManifest.xml:17:9-38
		INJECTED from src/main/AndroidManifest.xml
		INJECTED from src/main/AndroidManifest.xml
	android:minSdkVersion
		ADDED from src/main/AndroidManifest.xml:16:9-35
		INJECTED from src/main/AndroidManifest.xml
		INJECTED from src/main/AndroidManifest.xml
application
ADDED from src/main/AndroidManifest.xml:19:5-41:19
MERGED from [cn.sharesdk:OneKeyShare:3.1.3.1] AndroidManifest.xml:16:3-35:17
	tools:node
		ADDED from [cn.sharesdk:OneKeyShare:3.1.3.1] AndroidManifest.xml:16:101-119
	android:label
		ADDED from src/main/AndroidManifest.xml:22:9-41
	xmlns:tools
		ADDED from [cn.sharesdk:OneKeyShare:3.1.3.1] AndroidManifest.xml:16:16-62
	android:allowBackup
		ADDED from src/main/AndroidManifest.xml:20:9-35
	android:icon
		ADDED from src/main/AndroidManifest.xml:21:9-45
	android:theme
		ADDED from src/main/AndroidManifest.xml:23:9-62
	android:name
		ADDED from [cn.sharesdk:OneKeyShare:3.1.3.1] AndroidManifest.xml:16:63-100
meta-data#Mob-AppKey
ADDED from src/main/AndroidManifest.xml:24:9-75
	android:value
		ADDED from src/main/AndroidManifest.xml:24:46-73
	android:name
		ADDED from src/main/AndroidManifest.xml:24:20-45
meta-data#Mob-AppSecret
ADDED from src/main/AndroidManifest.xml:25:9-99
	android:value
		ADDED from src/main/AndroidManifest.xml:25:49-97
	android:name
		ADDED from src/main/AndroidManifest.xml:25:20-48
activity#cn.sharesdk.login.demo.LoginPage
ADDED from src/main/AndroidManifest.xml:26:9-34:20
	android:label
		ADDED from src/main/AndroidManifest.xml:28:13-45
	android:name
		ADDED from src/main/AndroidManifest.xml:27:13-60
intent-filter#android.intent.action.MAIN+android.intent.category.LAUNCHER
ADDED from src/main/AndroidManifest.xml:29:13-33:29
action#android.intent.action.MAIN
ADDED from src/main/AndroidManifest.xml:30:17-69
	android:name
		ADDED from src/main/AndroidManifest.xml:30:25-66
category#android.intent.category.LAUNCHER
ADDED from src/main/AndroidManifest.xml:32:17-77
	android:name
		ADDED from src/main/AndroidManifest.xml:32:27-74
activity#cn.sharesdk.login.demo.login.RegisterPage
ADDED from src/main/AndroidManifest.xml:36:9-39:66
	android:windowSoftInputMode
		ADDED from src/main/AndroidManifest.xml:39:13-64
	android:configChanges
		ADDED from src/main/AndroidManifest.xml:38:13-74
	android:name
		ADDED from src/main/AndroidManifest.xml:37:13-69
uses-permission#android.permission.GET_TASKS
ADDED from [cn.sharesdk:OneKeyShare:3.1.3.1] AndroidManifest.xml:3:3-65
	android:name
		ADDED from [cn.sharesdk:OneKeyShare:3.1.3.1] AndroidManifest.xml:3:20-63
uses-permission#android.permission.INTERNET
ADDED from [cn.sharesdk:OneKeyShare:3.1.3.1] AndroidManifest.xml:4:3-64
	android:name
		ADDED from [cn.sharesdk:OneKeyShare:3.1.3.1] AndroidManifest.xml:4:20-62
uses-permission#android.permission.ACCESS_WIFI_STATE
ADDED from [cn.sharesdk:OneKeyShare:3.1.3.1] AndroidManifest.xml:5:3-73
	android:name
		ADDED from [cn.sharesdk:OneKeyShare:3.1.3.1] AndroidManifest.xml:5:20-71
uses-permission#android.permission.ACCESS_NETWORK_STATE
ADDED from [cn.sharesdk:OneKeyShare:3.1.3.1] AndroidManifest.xml:6:3-76
	android:name
		ADDED from [cn.sharesdk:OneKeyShare:3.1.3.1] AndroidManifest.xml:6:20-74
uses-permission#android.permission.CHANGE_WIFI_STATE
ADDED from [cn.sharesdk:OneKeyShare:3.1.3.1] AndroidManifest.xml:7:3-73
	android:name
		ADDED from [cn.sharesdk:OneKeyShare:3.1.3.1] AndroidManifest.xml:7:20-71
uses-permission#android.permission.READ_EXTERNAL_STORAGE
ADDED from [cn.sharesdk:OneKeyShare:3.1.3.1] AndroidManifest.xml:8:3-77
IMPLIED from src/main/AndroidManifest.xml:2:1-43:12 reason: cn.sharesdk.onekeyshare requested WRITE_EXTERNAL_STORAGE
	android:name
		ADDED from [cn.sharesdk:OneKeyShare:3.1.3.1] AndroidManifest.xml:8:20-75
uses-permission#android.permission.WRITE_EXTERNAL_STORAGE
ADDED from [cn.sharesdk:OneKeyShare:3.1.3.1] AndroidManifest.xml:9:3-78
	android:name
		ADDED from [cn.sharesdk:OneKeyShare:3.1.3.1] AndroidManifest.xml:9:20-76
uses-permission#android.permission.READ_PHONE_STATE
ADDED from [cn.sharesdk:OneKeyShare:3.1.3.1] AndroidManifest.xml:10:3-72
	android:name
		ADDED from [cn.sharesdk:OneKeyShare:3.1.3.1] AndroidManifest.xml:10:20-70
uses-permission#android.permission.ACCESS_COARSE_LOCATION
ADDED from [cn.sharesdk:OneKeyShare:3.1.3.1] AndroidManifest.xml:11:3-78
	android:name
		ADDED from [cn.sharesdk:OneKeyShare:3.1.3.1] AndroidManifest.xml:11:20-76
uses-permission#android.permission.ACCESS_FINE_LOCATION
ADDED from [cn.sharesdk:OneKeyShare:3.1.3.1] AndroidManifest.xml:12:3-76
	android:name
		ADDED from [cn.sharesdk:OneKeyShare:3.1.3.1] AndroidManifest.xml:12:20-74
uses-permission#android.permission.PACKAGE_USAGE_STATS
ADDED from [cn.sharesdk:OneKeyShare:3.1.3.1] AndroidManifest.xml:13:3-75
	android:name
		ADDED from [cn.sharesdk:OneKeyShare:3.1.3.1] AndroidManifest.xml:13:20-73
uses-permission#android.permission.BLUETOOTH
ADDED from [cn.sharesdk:OneKeyShare:3.1.3.1] AndroidManifest.xml:14:3-65
	android:name
		ADDED from [cn.sharesdk:OneKeyShare:3.1.3.1] AndroidManifest.xml:14:20-63
uses-permission#android.permission.RECEIVE_SMS
ADDED from [cn.sharesdk:OneKeyShare:3.1.3.1] AndroidManifest.xml:15:3-67
	android:name
		ADDED from [cn.sharesdk:OneKeyShare:3.1.3.1] AndroidManifest.xml:15:20-65
activity#com.mob.tools.MobUIShell
ADDED from [cn.sharesdk:OneKeyShare:3.1.3.1] AndroidManifest.xml:17:5-34:16
	tools:node
		ADDED from [cn.sharesdk:OneKeyShare:3.1.3.1] AndroidManifest.xml:17:232-250
	android:windowSoftInputMode
		ADDED from [cn.sharesdk:OneKeyShare:3.1.3.1] AndroidManifest.xml:17:15-69
	android:configChanges
		ADDED from [cn.sharesdk:OneKeyShare:3.1.3.1] AndroidManifest.xml:17:110-171
	android:theme
		ADDED from [cn.sharesdk:OneKeyShare:3.1.3.1] AndroidManifest.xml:17:172-231
	android:name
		ADDED from [cn.sharesdk:OneKeyShare:3.1.3.1] AndroidManifest.xml:17:70-109
intent-filter#android.intent.action.VIEW+android.intent.category.BROWSABLE+android.intent.category.DEFAULT
ADDED from [cn.sharesdk:OneKeyShare:3.1.3.1] AndroidManifest.xml:18:7-23:23
	tools:node
		ADDED from [cn.sharesdk:OneKeyShare:3.1.3.1] AndroidManifest.xml:18:46-64
	android:priority
		ADDED from [cn.sharesdk:OneKeyShare:3.1.3.1] AndroidManifest.xml:18:22-45
data
ADDED from [cn.sharesdk:OneKeyShare:3.1.3.1] AndroidManifest.xml:19:9-52
	android:scheme
		ADDED from [cn.sharesdk:OneKeyShare:3.1.3.1] AndroidManifest.xml:19:15-50
action#android.intent.action.VIEW
ADDED from [cn.sharesdk:OneKeyShare:3.1.3.1] AndroidManifest.xml:20:9-60
	android:name
		ADDED from [cn.sharesdk:OneKeyShare:3.1.3.1] AndroidManifest.xml:20:17-58
category#android.intent.category.BROWSABLE
ADDED from [cn.sharesdk:OneKeyShare:3.1.3.1] AndroidManifest.xml:21:9-69
	android:name
		ADDED from [cn.sharesdk:OneKeyShare:3.1.3.1] AndroidManifest.xml:21:19-67
category#android.intent.category.DEFAULT
ADDED from [cn.sharesdk:OneKeyShare:3.1.3.1] AndroidManifest.xml:22:9-67
	android:name
		ADDED from [cn.sharesdk:OneKeyShare:3.1.3.1] AndroidManifest.xml:22:19-65
intent-filter#android.intent.category.DEFAULT+com.sina.weibo.sdk.action.ACTION_SDK_REQ_ACTIVITY
ADDED from [cn.sharesdk:OneKeyShare:3.1.3.1] AndroidManifest.xml:30:7-33:23
	tools:node
		ADDED from [cn.sharesdk:OneKeyShare:3.1.3.1] AndroidManifest.xml:30:22-40
action#com.sina.weibo.sdk.action.ACTION_SDK_REQ_ACTIVITY
ADDED from [cn.sharesdk:OneKeyShare:3.1.3.1] AndroidManifest.xml:31:9-83
	android:name
		ADDED from [cn.sharesdk:OneKeyShare:3.1.3.1] AndroidManifest.xml:31:17-81